::1 - GET /ad/userlist HTTP/1.1 304 - - 12.537 ms
::1 - GET /ad/static/css/normalize.css HTTP/1.1 304 - - 14.869 ms
::1 - GET /ad/static/css/userList.css HTTP/1.1 304 - - 13.072 ms
::1 - GET /ad/static/js/jquery-3.2.1.min.js HTTP/1.1 304 - - 12.444 ms
::1 - GET /ad/static/js/userList.js HTTP/1.1 304 - - 12.244 ms
::1 - POST /api/user/register HTTP/1.1 200 39 - 19.451 ms
::1 - POST /api/user/register HTTP/1.1 500 1918 - 3.684 ms
::1 - POST /api/user/register HTTP/1.1 500 1918 - 16.642 ms
::1 - POST /api/user/register HTTP/1.1 500 1918 - 19.190 ms
::1 - POST /api/user/register HTTP/1.1 500 1918 - 20.472 ms
::1 - POST /api/user/register HTTP/1.1 500 1918 - 17.681 ms
::1 - POST /api/user/register HTTP/1.1 500 1918 - 17.611 ms
::1 - POST /api/user/register HTTP/1.1 500 1918 - 19.747 ms
::1 - POST /api/user/register HTTP/1.1 500 1969 - 32.008 ms
::1 - POST /api/user/register HTTP/1.1 200 36 - 40.877 ms
::1 - POST /api/user/register HTTP/1.1 200 36 - 77.029 ms
::1 - POST /api/user/register HTTP/1.1 200 42 - 44.055 ms
::1 - POST /api/user/register HTTP/1.1 200 42 - 8.153 ms
::1 - POST /api/user/register HTTP/1.1 200 42 - 51.204 ms
::1 - POST /api/user/register HTTP/1.1 200 42 - 50.333 ms
::1 - POST /api/user/register HTTP/1.1 - - - - ms
::1 - POST /api/user/register HTTP/1.1 200 36 - 107.448 ms
::1 - POST /api/user/register HTTP/1.1 200 36 - 45.044 ms
::1 - POST /api/user/register HTTP/1.1 - - - - ms
::1 - POST /api/user/register HTTP/1.1 - - - - ms
::1 - POST /api/user/register HTTP/1.1 200 36 - 53.384 ms
::1 - POST /api/user/register HTTP/1.1 - - - - ms
::1 - POST /api/user/register HTTP/1.1 200 36 - 57.786 ms
::1 - POST /api/user/register HTTP/1.1 200 36 - 51.487 ms
::1 - POST /api/user/register HTTP/1.1 200 42 - 28.657 ms
::1 - POST /api/user/register HTTP/1.1 - - - - ms
::1 - POST /api/user/register HTTP/1.1 - - - - ms
::1 - POST /api/user/register HTTP/1.1 200 36 - 52.747 ms
::1 - POST /api/user/register HTTP/1.1 - - - - ms
::1 - POST /api/user/register HTTP/1.1 - - - - ms
::1 - POST /api/user/register HTTP/1.1 200 36 - 64.718 ms
::1 - POST /api/user/register HTTP/1.1 200 36 - 13.755 ms
::1 - POST /api/user/register HTTP/1.1 200 36 - 53.031 ms
::1 - POST /api/user/register HTTP/1.1 200 36 - 32.190 ms
::1 - POST /api/user/register HTTP/1.1 200 36 - 10.024 ms
::1 - POST /api/user/register HTTP/1.1 200 36 - 100.248 ms
::1 - POST /api/user/register HTTP/1.1 200 42 - 33.170 ms
::1 - POST /api/user/register HTTP/1.1 200 36 - 65.629 ms
::1 - POST /api/user/register HTTP/1.1 200 36 - 67.043 ms
::1 - POST /api/user/register HTTP/1.1 200 36 - 56.933 ms
::1 - POST /api/user/register HTTP/1.1 200 36 - 72.059 ms
::1 - POST /api/user/register HTTP/1.1 200 36 - 57.292 ms
::1 - POST /api/user/register HTTP/1.1 200 36 - 33.565 ms
::1 - POST /api/user/register HTTP/1.1 200 36 - 11.443 ms
::1 - GET / HTTP/1.1 200 4672 - 12.600 ms
::1 - GET /static/css/normalize.css HTTP/1.1 200 7512 - 5.983 ms
::1 - GET /static/css/login.css HTTP/1.1 200 2932 - 1.092 ms
::1 - GET /static/js/jquery-3.2.1.min.js HTTP/1.1 200 86659 - 1.368 ms
::1 - GET /static/js/login.js HTTP/1.1 200 1334 - 0.534 ms
::1 - GET /static/img/bg.jpg HTTP/1.1 200 36949 - 3.740 ms
::1 - GET /favicon.ico HTTP/1.1 404 150 - 2.714 ms
::1 - POST /api/user/login HTTP/1.1 200 39 - 19.546 ms
::1 - POST /api/user/login HTTP/1.1 200 267 - 48.967 ms
::1 - GET / HTTP/1.1 200 4919 - 6.584 ms
::1 - GET /static/css/normalize.css HTTP/1.1 304 - - 10.646 ms
::1 - GET /static/js/jquery-3.2.1.min.js HTTP/1.1 304 - - 4.270 ms
::1 - GET /static/css/login.css HTTP/1.1 304 - - 9.137 ms
::1 - GET /static/js/login.js HTTP/1.1 304 - - 4.707 ms
::1 - GET /static/img/bg.jpg HTTP/1.1 304 - - 0.478 ms
::1 - GET / HTTP/1.1 304 - - 2.535 ms
::1 - GET /static/css/normalize.css HTTP/1.1 304 - - 2.638 ms
::1 - GET /static/js/jquery-3.2.1.min.js HTTP/1.1 304 - - 4.439 ms
::1 - GET /static/js/login.js HTTP/1.1 304 - - 4.086 ms
::1 - GET /static/css/login.css HTTP/1.1 200 2942 - 9.607 ms
::1 - GET /static/img/bg.jpg HTTP/1.1 304 - - 0.548 ms
::1 - POST /api/user/login HTTP/1.1 200 36 - 35.076 ms
::1 - GET /static/css/normalize.css HTTP/1.1 304 - - 7.185 ms
::1 - GET /static/css/login.css HTTP/1.1 304 - - 6.164 ms
::1 - GET / HTTP/1.1 200 4919 - 11.273 ms
::1 - GET /static/css/normalize.css HTTP/1.1 304 - - 1.698 ms
::1 - GET /static/css/login.css HTTP/1.1 304 - - 1.665 ms
::1 - GET /static/js/jquery-3.2.1.min.js HTTP/1.1 304 - - 1.525 ms
::1 - GET /static/js/login.js HTTP/1.1 200 1333 - 4.587 ms
::1 - GET /static/img/bg.jpg HTTP/1.1 304 - - 0.611 ms
::1 - GET /user HTTP/1.1 200 4538 - 1.554 ms
::1 - GET /static/css/normalize.css HTTP/1.1 304 - - 13.880 ms
::1 - GET /static/js/jquery-3.2.1.min.js HTTP/1.1 304 - - 12.275 ms
::1 - GET /static/css/user.css HTTP/1.1 200 3564 - 25.737 ms
::1 - GET /static/js/user.js HTTP/1.1 200 890 - 15.564 ms
::1 - GET /static/img/user-default.png HTTP/1.1 200 5045 - 0.987 ms
::1 - GET /user HTTP/1.1 304 - - 1.841 ms
::1 - GET /static/css/normalize.css HTTP/1.1 304 - - 3.793 ms
::1 - GET /static/css/user.css HTTP/1.1 304 - - 3.510 ms
::1 - GET /static/js/jquery-3.2.1.min.js HTTP/1.1 304 - - 2.502 ms
::1 - GET /static/js/user.js HTTP/1.1 304 - - 2.067 ms
::1 - GET /static/img/user-default.png HTTP/1.1 304 - - 0.943 ms
::1 - POST /api/user/login HTTP/1.1 - - - - ms
::1 - POST /api/user/login HTTP/1.1 - - - - ms
::1 - POST /api/user/login HTTP/1.1 200 36 - 33.623 ms
::1 - GET /static/css/normalize.css HTTP/1.1 304 - - 4.646 ms
::1 - GET /static/css/login.css HTTP/1.1 304 - - 1.506 ms
::1 - GET / HTTP/1.1 304 - - 8.894 ms
::1 - GET /static/css/normalize.css HTTP/1.1 304 - - 6.254 ms
::1 - GET /static/css/login.css HTTP/1.1 304 - - 2.944 ms
::1 - GET /static/js/jquery-3.2.1.min.js HTTP/1.1 304 - - 1.589 ms
::1 - GET /static/js/login.js HTTP/1.1 304 - - 1.365 ms
::1 - GET /static/img/bg.jpg HTTP/1.1 304 - - 0.524 ms
::1 - POST /api/user/login HTTP/1.1 200 36 - 12.121 ms
::1 - GET / HTTP/1.1 304 - - 1.966 ms
::1 - GET /static/css/normalize.css HTTP/1.1 304 - - 2.445 ms
::1 - GET /static/css/login.css HTTP/1.1 304 - - 2.388 ms
::1 - GET /static/js/jquery-3.2.1.min.js HTTP/1.1 304 - - 1.634 ms
::1 - GET /static/js/login.js HTTP/1.1 304 - - 1.554 ms
::1 - GET /static/img/bg.jpg HTTP/1.1 304 - - 0.843 ms
